Procurando pelo git em: git
Usando git 2.7.4 de git
> git rev-parse --show-toplevel
> git config --get commit.template
Open repository: /home/ifmg/CPPG
> git status -z -u
> git show :controller/routes.js
> git symbolic-ref --short HEAD
> git rev-parse search-bar
> git rev-parse --symbolic-full-name search-bar@{u}
fatal: no upstream configured for branch 'search-bar'
> git for-each-ref --format %(refname) %(objectname) --sort -committerdate
> git remote --verbose
> git show :controller/routes.js
> git status -z -u
> git symbolic-ref --short HEAD
> git rev-parse search-bar
> git rev-parse --symbolic-full-name search-bar@{u}
fatal: no upstream configured for branch 'search-bar'
> git for-each-ref --format %(refname) %(objectname) --sort -committerdate
> git remote --verbose
> git show :controller/routes.js
> git status -z -u
> git symbolic-ref --short HEAD
> git rev-parse search-bar
> git rev-parse --symbolic-full-name search-bar@{u}
fatal: no upstream configured for branch 'search-bar'
> git for-each-ref --format %(refname) %(objectname) --sort -committerdate
> git remote --verbose
> git check-ignore -z --stdin
> git check-ignore -z --stdin
> git check-ignore -z --stdin
> git check-ignore -z --stdin
> git show :model/config.js
> git show :controller/routes.js
> git status -z -u
> git symbolic-ref --short HEAD
> git rev-parse search-bar
> git rev-parse --symbolic-full-name search-bar@{u}
fatal: no upstream configured for branch 'search-bar'
> git for-each-ref --format %(refname) %(objectname) --sort -committerdate
> git remote --verbose
> git show :controller/routes.js
> git status -z -u
> git symbolic-ref --short HEAD
> git rev-parse search-bar
> git rev-parse --symbolic-full-name search-bar@{u}
fatal: no upstream configured for branch 'search-bar'
> git for-each-ref --format %(refname) %(objectname) --sort -committerdate
> git remote --verbose
> git show :controller/routes.js
> git status -z -u
> git symbolic-ref --short HEAD
> git rev-parse search-bar
> git rev-parse --symbolic-full-name search-bar@{u}
fatal: no upstream configured for branch 'search-bar'
> git for-each-ref --format %(refname) %(objectname) --sort -committerdate
> git remote --verbose
> git show :controller/routes.js
> git status -z -u
> git symbolic-ref --short HEAD
> git rev-parse search-bar
> git rev-parse --symbolic-full-name search-bar@{u}
fatal: no upstream configured for branch 'search-bar'
> git for-each-ref --format %(refname) %(objectname) --sort -committerdate
> git remote --verbose
> git status -z -u
> git symbolic-ref --short HEAD
> git rev-parse search-bar
> git rev-parse --symbolic-full-name search-bar@{u}
fatal: no upstream configured for branch 'search-bar'
> git for-each-ref --format %(refname) %(objectname) --sort -committerdate
> git remote --verbose
> git status -z -u
> git symbolic-ref --short HEAD
> git rev-parse search-bar
> git rev-parse --symbolic-full-name search-bar@{u}
fatal: no upstream configured for branch 'search-bar'
> git for-each-ref --format %(refname) %(objectname) --sort -committerdate
> git remote --verbose
> git status -z -u
> git symbolic-ref --short HEAD
> git rev-parse search-bar
> git rev-parse --symbolic-full-name search-bar@{u}
fatal: no upstream configured for branch 'search-bar'
> git for-each-ref --format %(refname) %(objectname) --sort -committerdate
> git remote --verbose
> git status -z -u
> git symbolic-ref --short HEAD
> git rev-parse search-bar
> git rev-parse --symbolic-full-name search-bar@{u}
fatal: no upstream configured for branch 'search-bar'
> git for-each-ref --format %(refname) %(objectname) --sort -committerdate
> git remote --verbose
> git show :controller/routes.js
> git status -z -u
> git symbolic-ref --short HEAD
> git rev-parse search-bar
> git rev-parse --symbolic-full-name search-bar@{u}
fatal: no upstream configured for branch 'search-bar'
> git for-each-ref --format %(refname) %(objectname) --sort -committerdate
> git remote --verbose
> git status -z -u
> git symbolic-ref --short HEAD
> git rev-parse search-bar
> git rev-parse --symbolic-full-name search-bar@{u}
fatal: no upstream configured for branch 'search-bar'
> git for-each-ref --format %(refname) %(objectname) --sort -committerdate
> git remote --verbose
> git show :controller/routes.js
> git status -z -u
> git symbolic-ref --short HEAD
> git rev-parse search-bar
> git rev-parse --symbolic-full-name search-bar@{u}
fatal: no upstream configured for branch 'search-bar'
> git for-each-ref --format %(refname) %(objectname) --sort -committerdate
> git remote --verbose
> git status -z -u
> git symbolic-ref --short HEAD
> git rev-parse search-bar
> git rev-parse --symbolic-full-name search-bar@{u}
fatal: no upstream configured for branch 'search-bar'
> git for-each-ref --format %(refname) %(objectname) --sort -committerdate
> git remote --verbose
> git status -z -u
> git symbolic-ref --short HEAD
> git rev-parse search-bar
> git rev-parse --symbolic-full-name search-bar@{u}
fatal: no upstream configured for branch 'search-bar'
> git for-each-ref --format %(refname) %(objectname) --sort -committerdate
> git remote --verbose
> git status -z -u
> git symbolic-ref --short HEAD
> git rev-parse search-bar
> git rev-parse --symbolic-full-name search-bar@{u}
fatal: no upstream configured for branch 'search-bar'
> git for-each-ref --format %(refname) %(objectname) --sort -committerdate
> git remote --verbose
> git show :controller/routes.js
> git status -z -u
> git symbolic-ref --short HEAD
> git rev-parse search-bar
> git rev-parse --symbolic-full-name search-bar@{u}
fatal: no upstream configured for branch 'search-bar'
> git for-each-ref --format %(refname) %(objectname) --sort -committerdate
> git remote --verbose
> git status -z -u
> git symbolic-ref --short HEAD
> git rev-parse search-bar
> git rev-parse --symbolic-full-name search-bar@{u}
fatal: no upstream configured for branch 'search-bar'
> git for-each-ref --format %(refname) %(objectname) --sort -committerdate
> git remote --verbose
> git status -z -u
> git symbolic-ref --short HEAD
> git rev-parse search-bar
> git rev-parse --symbolic-full-name search-bar@{u}
fatal: no upstream configured for branch 'search-bar'
> git for-each-ref --format %(refname) %(objectname) --sort -committerdate
> git remote --verbose
> git status -z -u
> git symbolic-ref --short HEAD
> git rev-parse search-bar
> git rev-parse --symbolic-full-name search-bar@{u}
fatal: no upstream configured for branch 'search-bar'
> git for-each-ref --format %(refname) %(objectname) --sort -committerdate
> git remote --verbose
> git status -z -u
> git symbolic-ref --short HEAD
> git rev-parse search-bar
> git rev-parse --symbolic-full-name search-bar@{u}
fatal: no upstream configured for branch 'search-bar'
> git for-each-ref --format %(refname) %(objectname) --sort -committerdate
> git remote --verbose
> git show :controller/routes.js
> git status -z -u
> git symbolic-ref --short HEAD
> git rev-parse search-bar
> git rev-parse --symbolic-full-name search-bar@{u}
fatal: no upstream configured for branch 'search-bar'
> git for-each-ref --format %(refname) %(objectname) --sort -committerdate
> git remote --verbose
> git status -z -u
> git symbolic-ref --short HEAD
> git rev-parse search-bar
> git rev-parse --symbolic-full-name search-bar@{u}
fatal: no upstream configured for branch 'search-bar'
> git for-each-ref --format %(refname) %(objectname) --sort -committerdate
> git remote --verbose
> git status -z -u
> git symbolic-ref --short HEAD
> git rev-parse search-bar
> git rev-parse --symbolic-full-name search-bar@{u}
fatal: no upstream configured for branch 'search-bar'
> git for-each-ref --format %(refname) %(objectname) --sort -committerdate
> git remote --verbose
> git status -z -u
> git symbolic-ref --short HEAD
> git rev-parse search-bar
> git rev-parse --symbolic-full-name search-bar@{u}
fatal: no upstream configured for branch 'search-bar'
> git for-each-ref --format %(refname) %(objectname) --sort -committerdate
> git remote --verbose
> git show :controller/routes.js
> git status -z -u
> git symbolic-ref --short HEAD
> git rev-parse search-bar
> git rev-parse --symbolic-full-name search-bar@{u}
fatal: no upstream configured for branch 'search-bar'
> git for-each-ref --format %(refname) %(objectname) --sort -committerdate
> git remote --verbose
> git show :controller/routes.js
> git status -z -u
> git symbolic-ref --short HEAD
> git rev-parse search-bar
> git rev-parse --symbolic-full-name search-bar@{u}
fatal: no upstream configured for branch 'search-bar'
> git for-each-ref --format %(refname) %(objectname) --sort -committerdate
> git remote --verbose
> git checkout -q master
error: Your local changes to the following files would be overwritten by checkout:
	controller/routes.js
	~/.vscode-root/Backups/workspaces.json
	~/.vscode-root/Cache/data_0
	~/.vscode-root/Cache/data_1
	~/.vscode-root/Cache/data_3
	~/.vscode-root/Cache/index
	~/.vscode-root/Cookies
	~/.vscode-root/Local Storage/file__0.localstorage
	~/.vscode-root/storage.json
Please, commit your changes or stash them before you can switch branches.
Aborting
> git ls-tree -l HEAD -- /home/ifmg/CPPG/controller/routes.js
> git show a4dffd811c8b7e8b21c3c18d4aef22bcbac3521d
> git show HEAD:controller/routes.js
> git show :controller/routes.js
> git show :controller/routes.js
> git stash save
> git status -z -u
> git symbolic-ref --short HEAD
> git rev-parse search-bar
> git rev-parse --symbolic-full-name search-bar@{u}
fatal: no upstream configured for branch 'search-bar'
> git for-each-ref --format %(refname) %(objectname) --sort -committerdate
> git remote --verbose
> git status -z -u
> git show :controller/routes.js
> git symbolic-ref --short HEAD
> git rev-parse search-bar
> git rev-parse --symbolic-full-name search-bar@{u}
fatal: no upstream configured for branch 'search-bar'
> git for-each-ref --format %(refname) %(objectname) --sort -committerdate
> git remote --verbose
> git checkout -q master
> git status -z -u
> git symbolic-ref --short HEAD
> git rev-parse master
> git rev-parse --symbolic-full-name master@{u}
fatal: no upstream configured for branch 'master'
> git for-each-ref --format %(refname) %(objectname) --sort -committerdate
> git remote --verbose
> git show :controller/routes.js
> git status -z -u
> git symbolic-ref --short HEAD
> git rev-parse master
> git rev-parse --symbolic-full-name master@{u}
fatal: no upstream configured for branch 'master'
> git for-each-ref --format %(refname) %(objectname) --sort -committerdate
> git remote --verbose
> git show :controller/routes.js
> git status -z -u
> git symbolic-ref --short HEAD
> git rev-parse master
> git rev-parse --symbolic-full-name master@{u}
fatal: no upstream configured for branch 'master'
> git for-each-ref --format %(refname) %(objectname) --sort -committerdate
> git remote --verbose
> git pull --tags
> git show :controller/routes.js
From https://github.com/joseluiz98/CPPG-2018
 * [new tag]         v1.0       -> v1.0
There is no tracking information for the current branch.
Please specify which branch you want to merge with.
See git-pull(1) for details.

    git pull <remote> <branch>

If you wish to set tracking information for this branch you can do so with:

    git branch --set-upstream-to=origin/<branch> master
> git status -z -u
> git symbolic-ref --short HEAD
> git rev-parse master
> git rev-parse --symbolic-full-name master@{u}
fatal: no upstream configured for branch 'master'
> git for-each-ref --format %(refname) %(objectname) --sort -committerdate
> git remote --verbose
> git show :controller/routes.js
> git pull --tags
> git show :controller/routes.js
There is no tracking information for the current branch.
Please specify which branch you want to merge with.
See git-pull(1) for details.

    git pull <remote> <branch>

If you wish to set tracking information for this branch you can do so with:

    git branch --set-upstream-to=origin/<branch> master
> git show :controller/routes.js
> git status -z -u
> git symbolic-ref --short HEAD
> git rev-parse master
> git rev-parse --symbolic-full-name master@{u}
fatal: no upstream configured for branch 'master'
> git for-each-ref --format %(refname) %(objectname) --sort -committerdate
> git remote --verbose
> git show :controller/routes.js
> git status -z -u
> git symbolic-ref --short HEAD
> git rev-parse master
> git rev-parse --symbolic-full-name master@{u}
fatal: no upstream configured for branch 'master'
> git for-each-ref --format %(refname) %(objectname) --sort -committerdate
> git remote --verbose
> git status -z -u
> git symbolic-ref --short HEAD
> git rev-parse master
> git rev-parse --symbolic-full-name master@{u}
fatal: no upstream configured for branch 'master'
> git for-each-ref --format %(refname) %(objectname) --sort -committerdate
> git remote --verbose
> git status -z -u
> git symbolic-ref --short HEAD
> git rev-parse master
> git rev-parse --symbolic-full-name master@{u}
fatal: no upstream configured for branch 'master'
> git for-each-ref --format %(refname) %(objectname) --sort -committerdate
> git remote --verbose
> git status -z -u
> git symbolic-ref --short HEAD
> git rev-parse master
> git rev-parse --symbolic-full-name master@{u}
fatal: no upstream configured for branch 'master'
> git for-each-ref --format %(refname) %(objectname) --sort -committerdate
> git remote --verbose
> git status -z -u
> git symbolic-ref --short HEAD
> git rev-parse master
> git rev-parse --symbolic-full-name master@{u}
fatal: no upstream configured for branch 'master'
> git for-each-ref --format %(refname) %(objectname) --sort -committerdate
> git remote --verbose
> git status -z -u
> git symbolic-ref --short HEAD
> git rev-parse master
> git rev-parse --symbolic-full-name master@{u}
fatal: no upstream configured for branch 'master'
> git for-each-ref --format %(refname) %(objectname) --sort -committerdate
> git remote --verbose
> git status -z -u
> git symbolic-ref --short HEAD
> git rev-parse master
> git rev-parse --symbolic-full-name master@{u}
fatal: no upstream configured for branch 'master'
> git for-each-ref --format %(refname) %(objectname) --sort -committerdate
> git remote --verbose
> git status -z -u
> git symbolic-ref --short HEAD
> git rev-parse master
> git rev-parse --symbolic-full-name master@{u}
fatal: no upstream configured for branch 'master'
> git for-each-ref --format %(refname) %(objectname) --sort -committerdate
> git remote --verbose
> git status -z -u
> git symbolic-ref --short HEAD
> git rev-parse master
> git rev-parse --symbolic-full-name master@{u}
fatal: no upstream configured for branch 'master'
> git for-each-ref --format %(refname) %(objectname) --sort -committerdate
> git remote --verbose
> git status -z -u
> git symbolic-ref --short HEAD
> git rev-parse master
> git rev-parse --symbolic-full-name master@{u}
fatal: no upstream configured for branch 'master'
> git for-each-ref --format %(refname) %(objectname) --sort -committerdate
> git remote --verbose
> git status -z -u
> git symbolic-ref --short HEAD
> git rev-parse master
> git rev-parse --symbolic-full-name master@{u}
fatal: no upstream configured for branch 'master'
> git for-each-ref --format %(refname) %(objectname) --sort -committerdate
> git remote --verbose
> git status -z -u
> git symbolic-ref --short HEAD
> git rev-parse master
> git rev-parse --symbolic-full-name master@{u}
fatal: no upstream configured for branch 'master'
> git for-each-ref --format %(refname) %(objectname) --sort -committerdate
> git remote --verbose
> git status -z -u
> git symbolic-ref --short HEAD
> git rev-parse master
> git rev-parse --symbolic-full-name master@{u}
fatal: no upstream configured for branch 'master'
> git for-each-ref --format %(refname) %(objectname) --sort -committerdate
> git remote --verbose
> git status -z -u
> git symbolic-ref --short HEAD
> git rev-parse master
> git rev-parse --symbolic-full-name master@{u}
fatal: no upstream configured for branch 'master'
> git for-each-ref --format %(refname) %(objectname) --sort -committerdate
> git remote --verbose
> git status -z -u
> git symbolic-ref --short HEAD
> git rev-parse master
> git rev-parse --symbolic-full-name master@{u}
fatal: no upstream configured for branch 'master'
> git for-each-ref --format %(refname) %(objectname) --sort -committerdate
> git remote --verbose
> git status -z -u
> git symbolic-ref --short HEAD
> git rev-parse master
> git rev-parse --symbolic-full-name master@{u}
fatal: no upstream configured for branch 'master'
> git for-each-ref --format %(refname) %(objectname) --sort -committerdate
> git remote --verbose
> git status -z -u
> git symbolic-ref --short HEAD
> git rev-parse master
> git rev-parse --symbolic-full-name master@{u}
fatal: no upstream configured for branch 'master'
> git for-each-ref --format %(refname) %(objectname) --sort -committerdate
> git remote --verbose
> git status -z -u
> git symbolic-ref --short HEAD
> git rev-parse master
> git rev-parse --symbolic-full-name master@{u}
fatal: no upstream configured for branch 'master'
> git for-each-ref --format %(refname) %(objectname) --sort -committerdate
> git remote --verbose
> git status -z -u
> git symbolic-ref --short HEAD
> git rev-parse master
> git rev-parse --symbolic-full-name master@{u}
fatal: no upstream configured for branch 'master'
> git for-each-ref --format %(refname) %(objectname) --sort -committerdate
> git remote --verbose
> git status -z -u
> git symbolic-ref --short HEAD
> git rev-parse master
> git rev-parse --symbolic-full-name master@{u}
fatal: no upstream configured for branch 'master'
> git for-each-ref --format %(refname) %(objectname) --sort -committerdate
> git remote --verbose
> git ls-tree -l HEAD -- /home/ifmg/CPPG/controller/routes.js
> git show fb40dc282e660cbcc1567b2803a6103b2e9af3ab
> git show HEAD:controller/routes.js
> git show :controller/routes.js
> git add -A -- .
> git status -z -u
> git symbolic-ref --short HEAD
> git rev-parse master
> git rev-parse --symbolic-full-name master@{u}
fatal: no upstream configured for branch 'master'
> git for-each-ref --format %(refname) %(objectname) --sort -committerdate
> git remote --verbose
> git show :controller/routes.js
> git show -s --format=%H
%B 97b24d3b2ca318de05fc5668497c39fb7199b692
> git commit --quiet --allow-empty-message --file - --amend
> git status -z -u
> git symbolic-ref --short HEAD
> git rev-parse master
> git rev-parse --symbolic-full-name master@{u}
fatal: no upstream configured for branch 'master'
> git for-each-ref --format %(refname) %(objectname) --sort -committerdate
> git remote --verbose
> git status -z -u
> git symbolic-ref --short HEAD
> git rev-parse master
> git rev-parse --symbolic-full-name master@{u}
fatal: no upstream configured for branch 'master'
> git for-each-ref --format %(refname) %(objectname) --sort -committerdate
> git remote --verbose
> git show :controller/routes.js
> git push
warning: push.default is unset; its implicit value has changed in
Git 2.0 from 'matching' to 'simple'. To squelch this message
and maintain the traditional behavior, use:

  git config --global push.default matching

To squelch this message and adopt the new behavior now, use:

  git config --global push.default simple

When push.default is set to 'matching', git will push local branches
to the remote branches that already exist with the same name.

Since Git 2.0, Git defaults to the more conservative 'simple'
behavior, which only pushes the current branch to the corresponding
remote branch that 'git pull' uses to update the current branch.

See 'git help config' and search for 'push.default' for further information.
(the 'simple' mode was introduced in Git 1.7.11. Use the similar mode
'current' instead of 'simple' if you sometimes use older versions of Git)

fatal: The current branch master has no upstream branch.
To push the current branch and set the remote as upstream, use

    git push --set-upstream origin master
> git push origin master
> git checkout -q search-bar
error: Your local changes to the following files would be overwritten by checkout:
	~/.vscode-root/logs/20180615T124633/output_1_20180615T124659/extension-output-#1.log
	~/.vscode-root/logs/20180615T124633/sharedprocess.log
Please, commit your changes or stash them before you can switch branches.
Aborting
fatal: unable to access 'https://github.com/joseluiz98/CPPG-2018.git/': Empty reply from server
> git check-ignore -z --stdin
> git checkout -q search-bar
error: Your local changes to the following files would be overwritten by checkout:
	~/.vscode-root/logs/20180615T124633/output_1_20180615T124659/extension-output-#1.log
	~/.vscode-root/logs/20180615T124633/renderer1.log
	~/.vscode-root/logs/20180615T124633/sharedprocess.log
Please, commit your changes or stash them before you can switch branches.
Aborting
