Procurando pelo git em: git
Usando git 2.7.4 de git
> git rev-parse --show-toplevel
> git config --get commit.template
Open repository: /home/ifmg/CPPG
> git status -z -u
> git show :controller/routes.js
> git symbolic-ref --short HEAD
> git rev-parse search-bar
> git rev-parse --symbolic-full-name search-bar@{u}
fatal: no upstream configured for branch 'search-bar'
> git for-each-ref --format %(refname) %(objectname) --sort -committerdate
> git remote --verbose
> git show :controller/routes.js
> git status -z -u
> git symbolic-ref --short HEAD
> git rev-parse search-bar
> git rev-parse --symbolic-full-name search-bar@{u}
fatal: no upstream configured for branch 'search-bar'
> git for-each-ref --format %(refname) %(objectname) --sort -committerdate
> git remote --verbose
> git show :controller/routes.js
> git status -z -u
> git symbolic-ref --short HEAD
> git rev-parse search-bar
> git rev-parse --symbolic-full-name search-bar@{u}
fatal: no upstream configured for branch 'search-bar'
> git for-each-ref --format %(refname) %(objectname) --sort -committerdate
> git remote --verbose
> git show :controller/routes.js
> git status -z -u
> git symbolic-ref --short HEAD
> git rev-parse search-bar
> git rev-parse --symbolic-full-name search-bar@{u}
fatal: no upstream configured for branch 'search-bar'
> git for-each-ref --format %(refname) %(objectname) --sort -committerdate
> git remote --verbose
> git show :controller/routes.js
> git status -z -u
> git symbolic-ref --short HEAD
> git rev-parse search-bar
> git rev-parse --symbolic-full-name search-bar@{u}
fatal: no upstream configured for branch 'search-bar'
> git for-each-ref --format %(refname) %(objectname) --sort -committerdate
> git remote --verbose
> git check-ignore -z --stdin
> git check-ignore -z --stdin
> git status -z -u
> git symbolic-ref --short HEAD
> git rev-parse search-bar
> git rev-parse --symbolic-full-name search-bar@{u}
fatal: no upstream configured for branch 'search-bar'
> git for-each-ref --format %(refname) %(objectname) --sort -committerdate
> git remote --verbose
> git show :controller/routes.js
> git status -z -u
> git symbolic-ref --short HEAD
> git rev-parse search-bar
> git rev-parse --symbolic-full-name search-bar@{u}
fatal: no upstream configured for branch 'search-bar'
> git for-each-ref --format %(refname) %(objectname) --sort -committerdate
> git remote --verbose
> git status -z -u
> git symbolic-ref --short HEAD
> git rev-parse search-bar
> git rev-parse --symbolic-full-name search-bar@{u}
fatal: no upstream configured for branch 'search-bar'
> git for-each-ref --format %(refname) %(objectname) --sort -committerdate
> git remote --verbose
> git status -z -u
> git symbolic-ref --short HEAD
> git rev-parse search-bar
> git rev-parse --symbolic-full-name search-bar@{u}
fatal: no upstream configured for branch 'search-bar'
> git for-each-ref --format %(refname) %(objectname) --sort -committerdate
> git remote --verbose
> git status -z -u
> git symbolic-ref --short HEAD
> git rev-parse search-bar
> git rev-parse --symbolic-full-name search-bar@{u}
fatal: no upstream configured for branch 'search-bar'
> git for-each-ref --format %(refname) %(objectname) --sort -committerdate
> git remote --verbose
> git status -z -u
> git symbolic-ref --short HEAD
> git rev-parse search-bar
> git rev-parse --symbolic-full-name search-bar@{u}
fatal: no upstream configured for branch 'search-bar'
> git for-each-ref --format %(refname) %(objectname) --sort -committerdate
> git remote --verbose
> git status -z -u
> git symbolic-ref --short HEAD
> git rev-parse search-bar
> git rev-parse --symbolic-full-name search-bar@{u}
fatal: no upstream configured for branch 'search-bar'
> git for-each-ref --format %(refname) %(objectname) --sort -committerdate
> git remote --verbose
> git status -z -u
> git symbolic-ref --short HEAD
> git rev-parse search-bar
> git rev-parse --symbolic-full-name search-bar@{u}
fatal: no upstream configured for branch 'search-bar'
> git for-each-ref --format %(refname) %(objectname) --sort -committerdate
> git remote --verbose
> git show :controller/routes.js
> git status -z -u
> git symbolic-ref --short HEAD
> git rev-parse search-bar
> git rev-parse --symbolic-full-name search-bar@{u}
fatal: no upstream configured for branch 'search-bar'
> git for-each-ref --format %(refname) %(objectname) --sort -committerdate
> git remote --verbose
> git status -z -u
> git symbolic-ref --short HEAD
> git rev-parse search-bar
> git rev-parse --symbolic-full-name search-bar@{u}
fatal: no upstream configured for branch 'search-bar'
> git for-each-ref --format %(refname) %(objectname) --sort -committerdate
> git remote --verbose
> git show :views/index.ejs
> git check-ignore -z --stdin
> git check-ignore -z --stdin
> git status -z -u
> git symbolic-ref --short HEAD
> git rev-parse search-bar
> git rev-parse --symbolic-full-name search-bar@{u}
fatal: no upstream configured for branch 'search-bar'
> git for-each-ref --format %(refname) %(objectname) --sort -committerdate
> git remote --verbose
> git show :views/index.ejs
> git status -z -u
> git symbolic-ref --short HEAD
> git rev-parse search-bar
> git rev-parse --symbolic-full-name search-bar@{u}
fatal: no upstream configured for branch 'search-bar'
> git for-each-ref --format %(refname) %(objectname) --sort -committerdate
> git remote --verbose
> git check-ignore -z --stdin
> git status -z -u
> git symbolic-ref --short HEAD
> git rev-parse search-bar
> git rev-parse --symbolic-full-name search-bar@{u}
fatal: no upstream configured for branch 'search-bar'
> git for-each-ref --format %(refname) %(objectname) --sort -committerdate
> git remote --verbose
> git show :views/index.ejs
> git status -z -u
> git symbolic-ref --short HEAD
> git rev-parse search-bar
> git rev-parse --symbolic-full-name search-bar@{u}
fatal: no upstream configured for branch 'search-bar'
> git for-each-ref --format %(refname) %(objectname) --sort -committerdate
> git remote --verbose
> git status -z -u
> git symbolic-ref --short HEAD
> git rev-parse search-bar
> git rev-parse --symbolic-full-name search-bar@{u}
fatal: no upstream configured for branch 'search-bar'
> git for-each-ref --format %(refname) %(objectname) --sort -committerdate
> git remote --verbose
> git show :views/index.ejs
> git status -z -u
> git symbolic-ref --short HEAD
> git rev-parse search-bar
> git rev-parse --symbolic-full-name search-bar@{u}
fatal: no upstream configured for branch 'search-bar'
> git for-each-ref --format %(refname) %(objectname) --sort -committerdate
> git remote --verbose
> git show :controller/routes.js
> git show :views/index.ejs
> git status -z -u
> git symbolic-ref --short HEAD
> git rev-parse search-bar
> git rev-parse --symbolic-full-name search-bar@{u}
fatal: no upstream configured for branch 'search-bar'
> git for-each-ref --format %(refname) %(objectname) --sort -committerdate
> git remote --verbose
> git show :controller/routes.js
> git show :views/index.ejs
> git show :controller/routes.js
> git check-ignore -z --stdin
> git show :bin/www
> git show :controller/routes.js
> git show :app.js
> git show :views/stackedBar.ejs
> git show :app.js
> git status -z -u
> git symbolic-ref --short HEAD
> git rev-parse search-bar
> git rev-parse --symbolic-full-name search-bar@{u}
fatal: no upstream configured for branch 'search-bar'
> git for-each-ref --format %(refname) %(objectname) --sort -committerdate
> git remote --verbose
> git show :app.js
> git status -z -u
> git symbolic-ref --short HEAD
> git rev-parse search-bar
> git rev-parse --symbolic-full-name search-bar@{u}
fatal: no upstream configured for branch 'search-bar'
> git for-each-ref --format %(refname) %(objectname) --sort -committerdate
> git remote --verbose
> git status -z -u
> git symbolic-ref --short HEAD
> git rev-parse search-bar
> git rev-parse --symbolic-full-name search-bar@{u}
fatal: no upstream configured for branch 'search-bar'
> git for-each-ref --format %(refname) %(objectname) --sort -committerdate
> git remote --verbose
> git show :controller/routes.js
> git show :app.js
> git show :views/index.ejs
> git status -z -u
> git symbolic-ref --short HEAD
> git rev-parse search-bar
> git rev-parse --symbolic-full-name search-bar@{u}
fatal: no upstream configured for branch 'search-bar'
> git for-each-ref --format %(refname) %(objectname) --sort -committerdate
> git remote --verbose
> git status -z -u
> git symbolic-ref --short HEAD
> git rev-parse search-bar
> git rev-parse --symbolic-full-name search-bar@{u}
fatal: no upstream configured for branch 'search-bar'
> git for-each-ref --format %(refname) %(objectname) --sort -committerdate
> git remote --verbose
> git show :css/index.css
> git status -z -u
> git symbolic-ref --short HEAD
> git rev-parse search-bar
> git rev-parse --symbolic-full-name search-bar@{u}
fatal: no upstream configured for branch 'search-bar'
> git for-each-ref --format %(refname) %(objectname) --sort -committerdate
> git remote --verbose
> git show :views/index.ejs
> git status -z -u
> git symbolic-ref --short HEAD
> git rev-parse search-bar
> git rev-parse --symbolic-full-name search-bar@{u}
fatal: no upstream configured for branch 'search-bar'
> git for-each-ref --format %(refname) %(objectname) --sort -committerdate
> git remote --verbose
> git check-ignore -z --stdin
> git check-ignore -z --stdin
> git show :css/styles.css
> git show :views/stackedBar.ejs
> git show :css/index.css
> git show :views/index.ejs
> git show :css/index.css
> git show :css/styles.css
> git status -z -u
> git symbolic-ref --short HEAD
> git rev-parse search-bar
> git rev-parse --symbolic-full-name search-bar@{u}
fatal: no upstream configured for branch 'search-bar'
> git for-each-ref --format %(refname) %(objectname) --sort -committerdate
> git remote --verbose
> git show :css/styles.css
> git status -z -u
> git symbolic-ref --short HEAD
> git rev-parse search-bar
> git rev-parse --symbolic-full-name search-bar@{u}
fatal: no upstream configured for branch 'search-bar'
> git for-each-ref --format %(refname) %(objectname) --sort -committerdate
> git remote --verbose
> git status -z -u
> git symbolic-ref --short HEAD
> git rev-parse search-bar
> git rev-parse --symbolic-full-name search-bar@{u}
fatal: no upstream configured for branch 'search-bar'
> git for-each-ref --format %(refname) %(objectname) --sort -committerdate
> git remote --verbose
> git status -z -u
> git symbolic-ref --short HEAD
> git rev-parse search-bar
> git rev-parse --symbolic-full-name search-bar@{u}
fatal: no upstream configured for branch 'search-bar'
> git for-each-ref --format %(refname) %(objectname) --sort -committerdate
> git remote --verbose
> git show :css/styles.css
> git show :css/index.css
> git show :controller/routes.js
> git status -z -u
> git symbolic-ref --short HEAD
> git rev-parse search-bar
> git rev-parse --symbolic-full-name search-bar@{u}
fatal: no upstream configured for branch 'search-bar'
> git for-each-ref --format %(refname) %(objectname) --sort -committerdate
> git remote --verbose
> git status -z -u
> git symbolic-ref --short HEAD
> git rev-parse search-bar
> git rev-parse --symbolic-full-name search-bar@{u}
fatal: no upstream configured for branch 'search-bar'
> git for-each-ref --format %(refname) %(objectname) --sort -committerdate
> git remote --verbose
> git show :controller/routes.js
> git status -z -u
> git symbolic-ref --short HEAD
> git rev-parse search-bar
> git rev-parse --symbolic-full-name search-bar@{u}
fatal: no upstream configured for branch 'search-bar'
> git for-each-ref --format %(refname) %(objectname) --sort -committerdate
> git remote --verbose
> git status -z -u
> git symbolic-ref --short HEAD
> git rev-parse search-bar
> git rev-parse --symbolic-full-name search-bar@{u}
fatal: no upstream configured for branch 'search-bar'
> git for-each-ref --format %(refname) %(objectname) --sort -committerdate
> git remote --verbose
> git status -z -u
> git symbolic-ref --short HEAD
> git rev-parse search-bar
> git rev-parse --symbolic-full-name search-bar@{u}
fatal: no upstream configured for branch 'search-bar'
> git for-each-ref --format %(refname) %(objectname) --sort -committerdate
> git remote --verbose
> git status -z -u
> git symbolic-ref --short HEAD
> git rev-parse search-bar
> git rev-parse --symbolic-full-name search-bar@{u}
fatal: no upstream configured for branch 'search-bar'
> git for-each-ref --format %(refname) %(objectname) --sort -committerdate
> git remote --verbose
> git show :controller/routes.js
> git status -z -u
> git symbolic-ref --short HEAD
> git rev-parse search-bar
> git rev-parse --symbolic-full-name search-bar@{u}
fatal: no upstream configured for branch 'search-bar'
> git for-each-ref --format %(refname) %(objectname) --sort -committerdate
> git remote --verbose
> git status -z -u
> git symbolic-ref --short HEAD
> git rev-parse search-bar
> git rev-parse --symbolic-full-name search-bar@{u}
fatal: no upstream configured for branch 'search-bar'
> git for-each-ref --format %(refname) %(objectname) --sort -committerdate
> git remote --verbose
> git status -z -u
> git symbolic-ref --short HEAD
> git rev-parse search-bar
> git rev-parse --symbolic-full-name search-bar@{u}
fatal: no upstream configured for branch 'search-bar'
> git for-each-ref --format %(refname) %(objectname) --sort -committerdate
> git remote --verbose
> git show :controller/routes.js
> git status -z -u
> git symbolic-ref --short HEAD
> git rev-parse search-bar
> git rev-parse --symbolic-full-name search-bar@{u}
fatal: no upstream configured for branch 'search-bar'
> git for-each-ref --format %(refname) %(objectname) --sort -committerdate
> git remote --verbose
> git status -z -u
> git symbolic-ref --short HEAD
> git rev-parse search-bar
> git rev-parse --symbolic-full-name search-bar@{u}
fatal: no upstream configured for branch 'search-bar'
> git for-each-ref --format %(refname) %(objectname) --sort -committerdate
> git remote --verbose
> git status -z -u
> git symbolic-ref --short HEAD
> git rev-parse search-bar
> git rev-parse --symbolic-full-name search-bar@{u}
fatal: no upstream configured for branch 'search-bar'
> git for-each-ref --format %(refname) %(objectname) --sort -committerdate
> git remote --verbose
> git show :controller/routes.js
> git status -z -u
> git symbolic-ref --short HEAD
> git rev-parse search-bar
> git rev-parse --symbolic-full-name search-bar@{u}
fatal: no upstream configured for branch 'search-bar'
> git for-each-ref --format %(refname) %(objectname) --sort -committerdate
> git remote --verbose
> git show :controller/routes.js
> git status -z -u
> git symbolic-ref --short HEAD
> git rev-parse search-bar
> git rev-parse --symbolic-full-name search-bar@{u}
fatal: no upstream configured for branch 'search-bar'
> git for-each-ref --format %(refname) %(objectname) --sort -committerdate
> git remote --verbose
> git status -z -u
> git symbolic-ref --short HEAD
> git rev-parse search-bar
> git rev-parse --symbolic-full-name search-bar@{u}
fatal: no upstream configured for branch 'search-bar'
> git for-each-ref --format %(refname) %(objectname) --sort -committerdate
> git remote --verbose
> git status -z -u
> git symbolic-ref --short HEAD
> git rev-parse search-bar
> git rev-parse --symbolic-full-name search-bar@{u}
fatal: no upstream configured for branch 'search-bar'
> git for-each-ref --format %(refname) %(objectname) --sort -committerdate
> git remote --verbose
> git show :controller/routes.js
> git status -z -u
> git symbolic-ref --short HEAD
> git rev-parse search-bar
> git rev-parse --symbolic-full-name search-bar@{u}
fatal: no upstream configured for branch 'search-bar'
> git for-each-ref --format %(refname) %(objectname) --sort -committerdate
> git remote --verbose
> git show :controller/routes.js
> git status -z -u
> git symbolic-ref --short HEAD
> git rev-parse search-bar
> git rev-parse --symbolic-full-name search-bar@{u}
fatal: no upstream configured for branch 'search-bar'
> git for-each-ref --format %(refname) %(objectname) --sort -committerdate
> git remote --verbose
> git status -z -u
> git symbolic-ref --short HEAD
> git rev-parse search-bar
> git rev-parse --symbolic-full-name search-bar@{u}
fatal: no upstream configured for branch 'search-bar'
> git for-each-ref --format %(refname) %(objectname) --sort -committerdate
> git remote --verbose
> git status -z -u
> git symbolic-ref --short HEAD
> git rev-parse search-bar
> git rev-parse --symbolic-full-name search-bar@{u}
fatal: no upstream configured for branch 'search-bar'
> git for-each-ref --format %(refname) %(objectname) --sort -committerdate
> git remote --verbose
> git status -z -u
> git symbolic-ref --short HEAD
> git rev-parse search-bar
> git rev-parse --symbolic-full-name search-bar@{u}
fatal: no upstream configured for branch 'search-bar'
> git for-each-ref --format %(refname) %(objectname) --sort -committerdate
> git remote --verbose
> git show :controller/routes.js
> git status -z -u
> git symbolic-ref --short HEAD
> git rev-parse search-bar
> git rev-parse --symbolic-full-name search-bar@{u}
fatal: no upstream configured for branch 'search-bar'
> git for-each-ref --format %(refname) %(objectname) --sort -committerdate
> git remote --verbose
> git status -z -u
> git symbolic-ref --short HEAD
> git rev-parse search-bar
> git rev-parse --symbolic-full-name search-bar@{u}
fatal: no upstream configured for branch 'search-bar'
> git for-each-ref --format %(refname) %(objectname) --sort -committerdate
> git remote --verbose
> git status -z -u
> git symbolic-ref --short HEAD
> git rev-parse search-bar
> git rev-parse --symbolic-full-name search-bar@{u}
fatal: no upstream configured for branch 'search-bar'
> git for-each-ref --format %(refname) %(objectname) --sort -committerdate
> git remote --verbose
> git checkout -q master
error: Your local changes to the following files would be overwritten by checkout:
	controller/routes.js
	~/.vscode-root/Backups/workspaces.json
	~/.vscode-root/Cache/data_0
	~/.vscode-root/Cache/data_1
	~/.vscode-root/Cache/data_3
	~/.vscode-root/Cache/index
	~/.vscode-root/Cookies
	~/.vscode-root/Local Storage/file__0.localstorage
	~/.vscode-root/storage.json
Please, commit your changes or stash them before you can switch branches.
Aborting
> git stash save
> git status -z -u
> git symbolic-ref --short HEAD
> git rev-parse search-bar
> git rev-parse --symbolic-full-name search-bar@{u}
fatal: no upstream configured for branch 'search-bar'
> git for-each-ref --format %(refname) %(objectname) --sort -committerdate
> git remote --verbose
> git show :controller/routes.js
> git checkout -q master
> git status -z -u
> git symbolic-ref --short HEAD
> git rev-parse master
> git rev-parse --symbolic-full-name master@{u}
fatal: no upstream configured for branch 'master'
> git for-each-ref --format %(refname) %(objectname) --sort -committerdate
> git remote --verbose
> git show :controller/routes.js
> git checkout -q search-bar
> git status -z -u
> git symbolic-ref --short HEAD
> git rev-parse search-bar
> git rev-parse --symbolic-full-name search-bar@{u}
fatal: no upstream configured for branch 'search-bar'
> git for-each-ref --format %(refname) %(objectname) --sort -committerdate
> git remote --verbose
> git status -z -u
> git symbolic-ref --short HEAD
> git rev-parse search-bar
> git rev-parse --symbolic-full-name search-bar@{u}
fatal: no upstream configured for branch 'search-bar'
> git for-each-ref --format %(refname) %(objectname) --sort -committerdate
> git remote --verbose
> git show :controller/routes.js
> git stash list
> git stash pop stash@{0}
> git status -z -u
> git symbolic-ref --short HEAD
> git rev-parse search-bar
> git rev-parse --symbolic-full-name search-bar@{u}
fatal: no upstream configured for branch 'search-bar'
> git for-each-ref --format %(refname) %(objectname) --sort -committerdate
> git remote --verbose
> git show :controller/routes.js
> git status -z -u
> git symbolic-ref --short HEAD
> git rev-parse search-bar
> git rev-parse --symbolic-full-name search-bar@{u}
fatal: no upstream configured for branch 'search-bar'
> git for-each-ref --format %(refname) %(objectname) --sort -committerdate
> git remote --verbose
> git status -z -u
> git symbolic-ref --short HEAD
> git rev-parse search-bar
> git rev-parse --symbolic-full-name search-bar@{u}
fatal: no upstream configured for branch 'search-bar'
> git for-each-ref --format %(refname) %(objectname) --sort -committerdate
> git remote --verbose
> git show :css/index.css
> git show :css/styles.css
> git show :css/index.css
> git show :controller/routes.js
> git show :app.js
> git show :controller/routes.js
> git show :app.js
> git show :controller/routes.js
> git show :app.js
> git status -z -u
> git symbolic-ref --short HEAD
> git rev-parse search-bar
> git rev-parse --symbolic-full-name search-bar@{u}
fatal: no upstream configured for branch 'search-bar'
> git for-each-ref --format %(refname) %(objectname) --sort -committerdate
> git remote --verbose
> git ls-tree -l HEAD -- /home/ifmg/CPPG/app.js
> git show 2c4f5acf72ac7573570218edecdec1b73f304d21
> git show HEAD:app.js
> git show :app.js
> git show :controller/routes.js
> git show :app.js
> git status -z -u
> git symbolic-ref --short HEAD
> git rev-parse search-bar
> git rev-parse --symbolic-full-name search-bar@{u}
fatal: no upstream configured for branch 'search-bar'
> git for-each-ref --format %(refname) %(objectname) --sort -committerdate
> git remote --verbose
> git checkout -q master
error: Your local changes to the following files would be overwritten by checkout:
	controller/routes.js
	~/.vscode-root/Backups/workspaces.json
	~/.vscode-root/Cache/data_0
	~/.vscode-root/Cache/data_1
	~/.vscode-root/Cache/data_3
	~/.vscode-root/Cache/index
	~/.vscode-root/Cookies
	~/.vscode-root/Local Storage/file__0.localstorage
	~/.vscode-root/storage.json
Please, commit your changes or stash them before you can switch branches.
Aborting
> git ls-tree -l HEAD -- /home/ifmg/CPPG/app.js
> git show 2c4f5acf72ac7573570218edecdec1b73f304d21
> git show HEAD:app.js
> git show :app.js
> git status -z -u
> git symbolic-ref --short HEAD
> git rev-parse search-bar
> git rev-parse --symbolic-full-name search-bar@{u}
fatal: no upstream configured for branch 'search-bar'
> git for-each-ref --format %(refname) %(objectname) --sort -committerdate
> git remote --verbose
> git show :app.js
> git ls-tree -l HEAD -- /home/ifmg/CPPG/app.js
> git show 2c4f5acf72ac7573570218edecdec1b73f304d21
> git show HEAD:app.js
> git show :app.js
> git status -z -u
> git symbolic-ref --short HEAD
> git rev-parse search-bar
> git rev-parse --symbolic-full-name search-bar@{u}
fatal: no upstream configured for branch 'search-bar'
> git for-each-ref --format %(refname) %(objectname) --sort -committerdate
> git remote --verbose
> git show :app.js
> git checkout -q master
error: Your local changes to the following files would be overwritten by checkout:
	controller/routes.js
	~/.vscode-root/Backups/workspaces.json
	~/.vscode-root/Cache/data_0
	~/.vscode-root/Cache/data_1
	~/.vscode-root/Cache/data_3
	~/.vscode-root/Cache/index
	~/.vscode-root/Cookies
	~/.vscode-root/Local Storage/file__0.localstorage
	~/.vscode-root/storage.json
Please, commit your changes or stash them before you can switch branches.
Aborting
> git status -z -u
> git symbolic-ref --short HEAD
> git rev-parse search-bar
> git rev-parse --symbolic-full-name search-bar@{u}
fatal: no upstream configured for branch 'search-bar'
> git for-each-ref --format %(refname) %(objectname) --sort -committerdate
> git remote --verbose
