[2018-06-14 17:24:57.077] [sharedprocess] [info] main {"machineId":"b7aad910686236c83fc3c8be75f8846f141c2b46cde60bfe7ecbc05692260545"}
[2018-06-14 17:24:57.438] [sharedprocess] [info] Scanned user extensions: 1
[2018-06-14 17:24:58.948] [sharedprocess] [info] Scanned system extensions: 70
[2018-06-14 17:24:59.539] [sharedprocess] [info] Scanned user extensions: 1
[2018-06-14 17:24:59.541] [sharedprocess] [info] Scanned user extensions: 1
[2018-06-14 17:24:59.586] [sharedprocess] [info] Scanned system extensions: 70
[2018-06-14 17:25:02.989] [sharedprocess] [info] Scanned user extensions: 1
[2018-06-14 17:25:03.003] [sharedprocess] [info] Scanned user extensions: 1
[2018-06-14 17:25:37.090] [sharedprocess] [info] Starting to clean up unused language packs.
[2018-06-14 17:25:37.092] [sharedprocess] [info] Skipping directory 627bccf16e1ccca2d7c8491b1da18ff5.pt-br. Language pack still in use.
[2018-06-14 17:30:03.022] [sharedprocess] [info] Scanned user extensions: 1
[2018-06-14 17:35:03.039] [sharedprocess] [info] Scanned user extensions: 1
[2018-06-14 17:40:03.052] [sharedprocess] [info] Scanned user extensions: 1
[2018-06-14 17:45:03.062] [sharedprocess] [info] Scanned user extensions: 1
[2018-06-14 17:50:03.082] [sharedprocess] [info] Scanned user extensions: 1
[2018-06-14 17:55:03.119] [sharedprocess] [info] Scanned user extensions: 1
[2018-06-14 18:00:03.128] [sharedprocess] [info] Scanned user extensions: 1
[2018-06-14 18:05:03.492] [sharedprocess] [info] Scanned user extensions: 1
[2018-06-14 18:10:04.433] [sharedprocess] [info] Scanned user extensions: 1
[2018-06-14 18:15:04.540] [sharedprocess] [info] Scanned user extensions: 1
[2018-06-14 18:20:04.599] [sharedprocess] [info] Scanned user extensions: 1
[2018-06-14 18:25:06.326] [sharedprocess] [info] Scanned user extensions: 1
[2018-06-14 18:30:06.413] [sharedprocess] [info] Scanned user extensions: 1
[2018-06-14 18:35:06.470] [sharedprocess] [info] Scanned user extensions: 1
